<?xml version="1.0" encoding="UTF-8"?>
<!-- Generated by org.testng.reporters.JUnitXMLReporter -->
<testsuite ignored="0" hostname="DESKTOP-IPL039H" failures="0" tests="3" name="Default test(failed)" time="7.318" errors="0" timestamp="2023-07-04T12:32:10 IST">
  <testcase classname="Day1.HTTPMethods" name="getUser" time="5.068"/>
  <testcase classname="Day1.HTTPMethods" name="CreateUsers" time="1.45"/>
  <testcase classname="Day1.HTTPMethods" name="updateUser" time="0.756"/>
</testsuite> <!-- Default test(failed) -->
