<?xml version="1.0" encoding="UTF-8"?>
<testng-results ignored="0" total="1" passed="1" failed="0" skipped="0">
  <reporter-output>
  </reporter-output>
  <suite started-at="2023-08-28T20:33:47 IST" name="Default suite" finished-at="2023-08-28T20:33:49 IST" duration-ms="1828">
    <groups>
    </groups>
    <test started-at="2023-08-28T20:33:47 IST" name="Default test" finished-at="2023-08-28T20:33:49 IST" duration-ms="1828">
      <class name="Day1.HTTPMethods">
        <test-method signature="getUser()[pri:1, instance:Day1.HTTPMethods@131774fe]" started-at="2023-08-28T20:33:47 IST" name="getUser" finished-at="2023-08-28T20:33:49 IST" duration-ms="1785" status="PASS">
          <reporter-output>
          </reporter-output>
        </test-method> <!-- getUser -->
      </class> <!-- Day1.HTTPMethods -->
    </test> <!-- Default test -->
  </suite> <!-- Default suite -->
</testng-results>
